Size 100
Threads 1
Tolerance is 5.000000 
Size of matrix 100 
We are going to start the Jacobi-Iteration 
X: 0 - 31. Y: 0 - 25. Z: 17 - 50
Tolerance: 5.00/5.00. Iterations: 858/1500

real	0m6.030s
user	0m6.016s
sys	0m0.011s
Size 175
Threads 1
Tolerance is 5.000000 
Size of matrix 175 
We are going to start the Jacobi-Iteration 
X: 0 - 54. Y: 0 - 43. Z: 30 - 87
Tolerance: 6.03/5.00. Iterations: 1500/1500

real	1m0.646s
user	1m0.602s
sys	0m0.034s
Size 100
Threads 2
Tolerance is 5.000000 
Size of matrix 100 
We are going to start the Jacobi-Iteration 
X: 0 - 31. Y: 0 - 25. Z: 17 - 50
Tolerance: 5.00/5.00. Iterations: 858/1500

real	0m3.059s
user	0m6.039s
sys	0m0.030s
Size 175
Threads 2
Tolerance is 5.000000 
Size of matrix 175 
We are going to start the Jacobi-Iteration 
X: 0 - 54. Y: 0 - 43. Z: 30 - 87
Tolerance: 6.03/5.00. Iterations: 1500/1500

real	0m30.557s
user	1m0.697s
sys	0m0.091s
Size 100
Threads 3
Tolerance is 5.000000 
Size of matrix 100 
We are going to start the Jacobi-Iteration 
X: 0 - 31. Y: 0 - 25. Z: 17 - 50
Tolerance: 5.00/5.00. Iterations: 858/1500

real	0m2.093s
user	0m6.054s
sys	0m0.045s
Size 175
Threads 3
Tolerance is 5.000000 
Size of matrix 175 
We are going to start the Jacobi-Iteration 
X: 0 - 54. Y: 0 - 43. Z: 30 - 87
Tolerance: 6.03/5.00. Iterations: 1500/1500

real	0m20.636s
user	1m0.886s
sys	0m0.129s
Size 100
Threads 4
Tolerance is 5.000000 
Size of matrix 100 
We are going to start the Jacobi-Iteration 
X: 0 - 31. Y: 0 - 25. Z: 17 - 50
Tolerance: 5.00/5.00. Iterations: 858/1500

real	0m1.614s
user	0m6.082s
sys	0m0.042s
Size 175
Threads 4
Tolerance is 5.000000 
Size of matrix 175 
We are going to start the Jacobi-Iteration 
X: 0 - 54. Y: 0 - 43. Z: 30 - 87
Tolerance: 6.03/5.00. Iterations: 1500/1500

real	0m15.506s
user	1m0.809s
sys	0m0.146s
Size 100
Threads 5
Tolerance is 5.000000 
Size of matrix 100 
We are going to start the Jacobi-Iteration 
X: 0 - 31. Y: 0 - 25. Z: 17 - 50
Tolerance: 5.00/5.00. Iterations: 858/1500

real	0m1.321s
user	0m6.096s
sys	0m0.063s
Size 175
Threads 5
Tolerance is 5.000000 
Size of matrix 175 
We are going to start the Jacobi-Iteration 
X: 0 - 54. Y: 0 - 43. Z: 30 - 87
Tolerance: 6.03/5.00. Iterations: 1500/1500

real	0m12.666s
user	1m1.073s
sys	0m0.174s
Size 100
Threads 6
Tolerance is 5.000000 
Size of matrix 100 
We are going to start the Jacobi-Iteration 
X: 0 - 31. Y: 0 - 25. Z: 17 - 50
Tolerance: 5.00/5.00. Iterations: 858/1500

real	0m1.147s
user	0m6.106s
sys	0m0.077s
Size 175
Threads 6
Tolerance is 5.000000 
Size of matrix 175 
We are going to start the Jacobi-Iteration 
X: 0 - 54. Y: 0 - 43. Z: 30 - 87
Tolerance: 6.03/5.00. Iterations: 1500/1500

real	0m10.640s
user	1m1.217s
sys	0m0.216s
Size 100
Threads 7
Tolerance is 5.000000 
Size of matrix 100 
We are going to start the Jacobi-Iteration 
X: 0 - 31. Y: 0 - 25. Z: 17 - 50
Tolerance: 5.00/5.00. Iterations: 858/1500

real	0m0.990s
user	0m6.127s
sys	0m0.079s
Size 175
Threads 7
Tolerance is 5.000000 
Size of matrix 175 
We are going to start the Jacobi-Iteration 
X: 0 - 54. Y: 0 - 43. Z: 30 - 87
Tolerance: 6.03/5.00. Iterations: 1500/1500

real	0m9.189s
user	1m1.157s
sys	0m0.221s
Size 100
Threads 8
Tolerance is 5.000000 
Size of matrix 100 
We are going to start the Jacobi-Iteration 
X: 0 - 31. Y: 0 - 25. Z: 17 - 50
Tolerance: 5.00/5.00. Iterations: 858/1500

real	0m0.922s
user	0m6.136s
sys	0m0.092s
Size 175
Threads 8
Tolerance is 5.000000 
Size of matrix 175 
We are going to start the Jacobi-Iteration 
X: 0 - 54. Y: 0 - 43. Z: 30 - 87
Tolerance: 6.03/5.00. Iterations: 1500/1500

real	0m8.304s
user	1m1.961s
sys	0m0.197s
Size 100
Threads 9
Tolerance is 5.000000 
Size of matrix 100 
We are going to start the Jacobi-Iteration 
X: 0 - 31. Y: 0 - 25. Z: 17 - 50
Tolerance: 5.00/5.00. Iterations: 858/1500

real	0m0.841s
user	0m6.157s
sys	0m0.102s
Size 175
Threads 9
Tolerance is 5.000000 
Size of matrix 175 
We are going to start the Jacobi-Iteration 
X: 0 - 54. Y: 0 - 43. Z: 30 - 87
Tolerance: 6.03/5.00. Iterations: 1500/1500

real	0m7.388s
user	1m2.022s
sys	0m0.212s
Size 100
Threads 10
Tolerance is 5.000000 
Size of matrix 100 
We are going to start the Jacobi-Iteration 
X: 0 - 31. Y: 0 - 25. Z: 17 - 50
Tolerance: 5.00/5.00. Iterations: 858/1500

real	0m0.798s
user	0m6.192s
sys	0m0.111s
Size 175
Threads 10
Tolerance is 5.000000 
Size of matrix 175 
We are going to start the Jacobi-Iteration 
X: 0 - 54. Y: 0 - 43. Z: 30 - 87
Tolerance: 6.03/5.00. Iterations: 1500/1500

real	0m6.883s
user	1m2.068s
sys	0m0.287s
Size 100
Threads 11
Tolerance is 5.000000 
Size of matrix 100 
We are going to start the Jacobi-Iteration 
X: 0 - 31. Y: 0 - 25. Z: 17 - 50
Tolerance: 5.00/5.00. Iterations: 858/1500

real	0m0.752s
user	0m6.186s
sys	0m0.114s
Size 175
Threads 11
Tolerance is 5.000000 
Size of matrix 175 
We are going to start the Jacobi-Iteration 
X: 0 - 54. Y: 0 - 43. Z: 30 - 87
Tolerance: 6.03/5.00. Iterations: 1500/1500

real	0m6.276s
user	1m2.666s
sys	0m0.287s
Size 100
Threads 12
Tolerance is 5.000000 
Size of matrix 100 
We are going to start the Jacobi-Iteration 
X: 0 - 31. Y: 0 - 25. Z: 17 - 50
Tolerance: 5.00/5.00. Iterations: 858/1500

real	0m0.724s
user	0m6.208s
sys	0m0.137s
Size 175
Threads 12
Tolerance is 5.000000 
Size of matrix 175 
We are going to start the Jacobi-Iteration 
X: 0 - 54. Y: 0 - 43. Z: 30 - 87
Tolerance: 6.03/5.00. Iterations: 1500/1500

real	0m6.034s
user	1m2.885s
sys	0m0.262s
Size 100
Threads 13
Tolerance is 5.000000 
Size of matrix 100 
We are going to start the Jacobi-Iteration 
X: 0 - 31. Y: 0 - 25. Z: 17 - 50
Tolerance: 5.00/5.00. Iterations: 858/1500

real	0m0.717s
user	0m6.197s
sys	0m0.156s
Size 175
Threads 13
Tolerance is 5.000000 
Size of matrix 175 
We are going to start the Jacobi-Iteration 
X: 0 - 54. Y: 0 - 43. Z: 30 - 87
Tolerance: 6.03/5.00. Iterations: 1500/1500

real	0m5.564s
user	1m3.211s
sys	0m0.341s
Size 100
Threads 14
Tolerance is 5.000000 
Size of matrix 100 
We are going to start the Jacobi-Iteration 
X: 0 - 31. Y: 0 - 25. Z: 17 - 50
Tolerance: 5.00/5.00. Iterations: 858/1500

real	0m0.678s
user	0m6.211s
sys	0m0.166s
Size 175
Threads 14
Tolerance is 5.000000 
Size of matrix 175 
We are going to start the Jacobi-Iteration 
X: 0 - 54. Y: 0 - 43. Z: 30 - 87
Tolerance: 6.03/5.00. Iterations: 1500/1500

real	0m5.338s
user	1m4.806s
sys	0m0.395s
Size 100
Threads 15
Tolerance is 5.000000 
Size of matrix 100 
We are going to start the Jacobi-Iteration 
X: 0 - 31. Y: 0 - 25. Z: 17 - 50
Tolerance: 5.00/5.00. Iterations: 858/1500

real	0m0.837s
user	0m6.200s
sys	0m0.198s
Size 175
Threads 15
Tolerance is 5.000000 
Size of matrix 175 
We are going to start the Jacobi-Iteration 
X: 0 - 54. Y: 0 - 43. Z: 30 - 87
Tolerance: 6.03/5.00. Iterations: 1500/1500

real	0m5.121s
user	1m5.250s
sys	0m0.407s
Size 100
Threads 16
Tolerance is 5.000000 
Size of matrix 100 
We are going to start the Jacobi-Iteration 
X: 0 - 31. Y: 0 - 25. Z: 17 - 50
Tolerance: 5.00/5.00. Iterations: 858/1500

real	0m0.692s
user	0m6.279s
sys	0m0.190s
Size 175
Threads 16
Tolerance is 5.000000 
Size of matrix 175 
We are going to start the Jacobi-Iteration 
X: 0 - 54. Y: 0 - 43. Z: 30 - 87
Tolerance: 6.03/5.00. Iterations: 1500/1500

real	0m4.821s
user	1m5.565s
sys	0m0.470s

------------------------------------------------------------
Sender: LSF System <lsfadmin@n-62-21-77>
Subject: Job 9103672: <NONAME> in cluster <dcc> Done

Job <NONAME> was submitted from host <n-62-30-7> by user <s202382> in cluster <dcc> at Fri Jan 15 12:00:29 2021
Job was executed on host(s) <24*n-62-21-77>, in queue <hpcintro>, as user <s202382> in cluster <dcc> at Fri Jan 15 12:07:55 2021
</zhome/51/5/153768> was used as the home directory.
</zhome/51/5/153768/analyses/Version3_scaling> was used as the working directory.
Started at Fri Jan 15 12:07:55 2021
Terminated at Fri Jan 15 12:11:54 2021
Results reported at Fri Jan 15 12:11:54 2021

Your job looked like:

------------------------------------------------------------
# LSBATCH: User input
#!/bin/bash

#BSUB -q hpcintro 
#BSUB -W 30
#BSUB -n 24

for ((i=1; i<=16; i++))
do
    for((j=100; j<=175; j=j+75))
    do
	echo "Size" $j
	echo "Threads" $i
	export OMP_NUM_THREADS=$i
	time ./poisson_j_3 $j 1500 5 0 0 
    done
done

------------------------------------------------------------

Successfully completed.

Resource usage summary:

    CPU time :                                   1101.14 sec.
    Max Memory :                                 127 MB
    Average Memory :                             127.00 MB
    Total Requested Memory :                     24576.00 MB
    Delta Memory :                               24449.00 MB
    Max Swap :                                   -
    Max Processes :                              4
    Max Threads :                                8
    Run time :                                   239 sec.
    Turnaround time :                            685 sec.

The output (if any) is above this job summary.

