Size 50
Threads 1
Tolerance is 5.000000 
Size of matrix 50 
We are going to start the Gauss-Seidel-Iteration 
Tolerance: 4.98/5.00. Iterations: 310/1500

real	0m0.278s
user	0m0.273s
sys	0m0.001s
Size 125
Threads 1
Tolerance is 5.000000 
Size of matrix 125 
We are going to start the Gauss-Seidel-Iteration 
Tolerance: 5.00/5.00. Iterations: 1297/1500

real	0m16.271s
user	0m16.247s
sys	0m0.019s
Size 50
Threads 2
Tolerance is 5.000000 
Size of matrix 50 
We are going to start the Gauss-Seidel-Iteration 
Tolerance: 4.98/5.00. Iterations: 310/1500

real	0m0.311s
user	0m0.615s
sys	0m0.003s
Size 125
Threads 2
Tolerance is 5.000000 
Size of matrix 125 
We are going to start the Gauss-Seidel-Iteration 
Tolerance: 5.00/5.00. Iterations: 1297/1500

real	0m16.299s
user	0m27.642s
sys	0m0.022s
Size 50
Threads 3
Tolerance is 5.000000 
Size of matrix 50 
We are going to start the Gauss-Seidel-Iteration 
Tolerance: 4.98/5.00. Iterations: 310/1500

real	0m0.274s
user	0m0.809s
sys	0m0.004s
Size 125
Threads 3
Tolerance is 5.000000 
Size of matrix 125 
We are going to start the Gauss-Seidel-Iteration 
Tolerance: 5.00/5.00. Iterations: 1297/1500

real	0m16.905s
user	0m39.958s
sys	0m0.021s
Size 50
Threads 4
Tolerance is 5.000000 
Size of matrix 50 
We are going to start the Gauss-Seidel-Iteration 
Tolerance: 4.98/5.00. Iterations: 310/1500

real	0m0.315s
user	0m1.243s
sys	0m0.003s
Size 125
Threads 4
Tolerance is 5.000000 
Size of matrix 125 
We are going to start the Gauss-Seidel-Iteration 
Tolerance: 5.00/5.00. Iterations: 1297/1500

real	0m16.595s
user	0m50.182s
sys	0m0.045s
Size 50
Threads 5
Tolerance is 5.000000 
Size of matrix 50 
We are going to start the Gauss-Seidel-Iteration 
Tolerance: 4.98/5.00. Iterations: 310/1500

real	0m0.309s
user	0m1.521s
sys	0m0.001s
Size 125
Threads 5
Tolerance is 5.000000 
Size of matrix 125 
We are going to start the Gauss-Seidel-Iteration 
Tolerance: 5.00/5.00. Iterations: 1297/1500

real	0m16.970s
user	1m2.884s
sys	0m0.043s
Size 50
Threads 6
Tolerance is 5.000000 
Size of matrix 50 
We are going to start the Gauss-Seidel-Iteration 
Tolerance: 4.98/5.00. Iterations: 310/1500

real	0m0.298s
user	0m1.768s
sys	0m0.002s
Size 125
Threads 6
Tolerance is 5.000000 
Size of matrix 125 
We are going to start the Gauss-Seidel-Iteration 
Tolerance: 5.00/5.00. Iterations: 1297/1500

real	0m16.904s
user	1m13.422s
sys	0m0.036s
Size 50
Threads 7
Tolerance is 5.000000 
Size of matrix 50 
We are going to start the Gauss-Seidel-Iteration 
Tolerance: 4.98/5.00. Iterations: 310/1500

real	0m0.312s
user	0m2.162s
sys	0m0.002s
Size 125
Threads 7
Tolerance is 5.000000 
Size of matrix 125 
We are going to start the Gauss-Seidel-Iteration 
Tolerance: 5.00/5.00. Iterations: 1297/1500

real	0m17.302s
user	1m26.400s
sys	0m0.076s
Size 50
Threads 8
Tolerance is 5.000000 
Size of matrix 50 
We are going to start the Gauss-Seidel-Iteration 
Tolerance: 4.98/5.00. Iterations: 310/1500

real	0m0.321s
user	0m2.536s
sys	0m0.004s
Size 125
Threads 8
Tolerance is 5.000000 
Size of matrix 125 
We are going to start the Gauss-Seidel-Iteration 
Tolerance: 5.00/5.00. Iterations: 1297/1500

real	0m16.336s
user	1m33.168s
sys	0m0.063s
Size 50
Threads 9
Tolerance is 5.000000 
Size of matrix 50 
We are going to start the Gauss-Seidel-Iteration 
Tolerance: 4.98/5.00. Iterations: 310/1500

real	0m0.269s
user	0m2.348s
sys	0m0.014s
Size 125
Threads 9
Tolerance is 5.000000 
Size of matrix 125 
We are going to start the Gauss-Seidel-Iteration 
Tolerance: 5.00/5.00. Iterations: 1297/1500

real	0m16.121s
user	1m42.226s
sys	0m0.062s
Size 50
Threads 10
Tolerance is 5.000000 
Size of matrix 50 
We are going to start the Gauss-Seidel-Iteration 
Tolerance: 4.98/5.00. Iterations: 310/1500

real	0m0.283s
user	0m2.784s
sys	0m0.012s
Size 125
Threads 10
Tolerance is 5.000000 
Size of matrix 125 
We are going to start the Gauss-Seidel-Iteration 
Tolerance: 5.00/5.00. Iterations: 1297/1500

real	0m16.954s
user	1m57.557s
sys	0m0.068s
Size 50
Threads 11
Tolerance is 5.000000 
Size of matrix 50 
We are going to start the Gauss-Seidel-Iteration 
Tolerance: 4.98/5.00. Iterations: 310/1500

real	0m0.290s
user	0m3.153s
sys	0m0.000s
Size 125
Threads 11
Tolerance is 5.000000 
Size of matrix 125 
We are going to start the Gauss-Seidel-Iteration 
Tolerance: 5.00/5.00. Iterations: 1297/1500

real	0m16.834s
user	2m9.710s
sys	0m0.089s
Size 50
Threads 12
Tolerance is 5.000000 
Size of matrix 50 
We are going to start the Gauss-Seidel-Iteration 
Tolerance: 4.98/5.00. Iterations: 310/1500

real	0m0.310s
user	0m3.668s
sys	0m0.003s
Size 125
Threads 12
Tolerance is 5.000000 
Size of matrix 125 
We are going to start the Gauss-Seidel-Iteration 
Tolerance: 5.00/5.00. Iterations: 1297/1500

real	0m16.753s
user	2m18.594s
sys	0m0.094s
Size 50
Threads 13
Tolerance is 5.000000 
Size of matrix 50 
We are going to start the Gauss-Seidel-Iteration 
Tolerance: 4.98/5.00. Iterations: 310/1500

real	0m0.308s
user	0m3.938s
sys	0m0.002s
Size 125
Threads 13
Tolerance is 5.000000 
Size of matrix 125 
We are going to start the Gauss-Seidel-Iteration 
Tolerance: 5.00/5.00. Iterations: 1297/1500

real	0m16.113s
user	2m24.408s
sys	0m0.089s
Size 50
Threads 14
Tolerance is 5.000000 
Size of matrix 50 
We are going to start the Gauss-Seidel-Iteration 
Tolerance: 4.98/5.00. Iterations: 310/1500

real	0m0.296s
user	0m4.074s
sys	0m0.017s
Size 125
Threads 14
Tolerance is 5.000000 
Size of matrix 125 
We are going to start the Gauss-Seidel-Iteration 
Tolerance: 5.00/5.00. Iterations: 1297/1500

real	0m17.409s
user	2m45.661s
sys	0m0.088s
Size 50
Threads 15
Tolerance is 5.000000 
Size of matrix 50 
We are going to start the Gauss-Seidel-Iteration 
Tolerance: 4.98/5.00. Iterations: 310/1500

real	0m0.320s
user	0m4.749s
sys	0m0.003s
Size 125
Threads 15
Tolerance is 5.000000 
Size of matrix 125 
We are going to start the Gauss-Seidel-Iteration 
Tolerance: 5.00/5.00. Iterations: 1297/1500

real	0m14.479s
user	2m33.474s
sys	0m0.103s
Size 50
Threads 16
Tolerance is 5.000000 
Size of matrix 50 
We are going to start the Gauss-Seidel-Iteration 
Tolerance: 4.98/5.00. Iterations: 310/1500

real	0m0.334s
user	0m5.291s
sys	0m0.003s
Size 125
Threads 16
Tolerance is 5.000000 
Size of matrix 125 
We are going to start the Gauss-Seidel-Iteration 
Tolerance: 5.00/5.00. Iterations: 1297/1500

real	0m15.563s
user	2m53.259s
sys	0m0.102s

------------------------------------------------------------
Sender: LSF System <lsfadmin@n-62-21-77>
Subject: Job 9104556: <NONAME> in cluster <dcc> Done

Job <NONAME> was submitted from host <n-62-27-22> by user <s202382> in cluster <dcc> at Fri Jan 15 15:39:37 2021
Job was executed on host(s) <24*n-62-21-77>, in queue <hpcintro>, as user <s202382> in cluster <dcc> at Fri Jan 15 15:44:55 2021
</zhome/51/5/153768> was used as the home directory.
</zhome/51/5/153768/gauss_analyes/Version3> was used as the working directory.
Started at Fri Jan 15 15:44:55 2021
Terminated at Fri Jan 15 15:49:25 2021
Results reported at Fri Jan 15 15:49:25 2021

Your job looked like:

------------------------------------------------------------
# LSBATCH: User input
#!/bin/bash

#BSUB -q hpcintro 
#BSUB -W 30
#BSUB -n 24 

for ((i=1; i<=16; i++))
do
    for((j=50; j<=125; j=j+75))
    do
	echo "Size" $j
	echo "Threads" $i
	time OMP_SCHEDULE=static,1 OMP_NUM_THREADS=$i ./poisson_gs_final $j 1500 5 0 0 
    done
done

------------------------------------------------------------

Successfully completed.

Resource usage summary:

    CPU time :                                   1617.29 sec.
    Max Memory :                                 34 MB
    Average Memory :                             34.00 MB
    Total Requested Memory :                     24576.00 MB
    Delta Memory :                               24542.00 MB
    Max Swap :                                   -
    Max Processes :                              4
    Max Threads :                                19
    Run time :                                   270 sec.
    Turnaround time :                            588 sec.

The output (if any) is above this job summary.

